
> GET /clientapi/languages HTTP/1.0
> Host: localhost
> 
> 
| Received complete response: 10.448ms
< HTTP/1.0 200 OK
< Content-Type: application/json
< Date: Wed, 28 Oct 2020 22:02:42 GMT
< Content-Length: 156
< 
< ["bash","c","cpp","csharp","css","go","html","java","javascript","jsx","kotlin","less","objectivec","php","python","ruby","scala","tsx","typescript","vue"]
< 

> POST /clientapi/editor/event HTTP/1.0
> Host: localhost
> Content-Type: application/x-www-form-urlencoded
> Content-Length: 472
> 
> {"selections":[{"end":0,"start":0,"encoding":"utf-32"}],"source":"vim","action":"focus","editor_version":"8.1.1-2269","plugin_version":"1.0.71","text":"#!/home/me/easyscore/easyscore/bin/python3\n# -*- coding: utf-8 -*-\nimport re\nimport sys\nfrom pylint import run_pylint\nif __name__ == '__main__':\n    sys.argv[0] = re.sub(r'(-script\\.pyw|\\.exe)?$', '', sys.argv[0])\n    sys.exit(run_pylint())\n","filename":"/home/rishabh/projects/easyscore/easyscore/bin/pylint"}
| Received complete response: 11.627ms
< HTTP/1.0 200 OK
< Date: Wed, 28 Oct 2020 22:02:42 GMT
< Content-Length: 0
< 
< 

> POST /clientapi/editor/event HTTP/1.0
> Host: localhost
> Content-Type: application/x-www-form-urlencoded
> Content-Length: 478
> 
> {"selections":[{"end":43,"start":43,"encoding":"utf-32"}],"source":"vim","action":"selection","editor_version":"8.1.1-2269","plugin_version":"1.0.71","text":"#!/home/me/easyscore/easyscore/bin/python3\n# -*- coding: utf-8 -*-\nimport re\nimport sys\nfrom pylint import run_pylint\nif __name__ == '__main__':\n    sys.argv[0] = re.sub(r'(-script\\.pyw|\\.exe)?$', '', sys.argv[0])\n    sys.exit(run_pylint())\n","filename":"/home/rishabh/projects/easyscore/easyscore/bin/pylint"}
| Received complete response: 5.291ms
< HTTP/1.0 200 OK
< Date: Wed, 28 Oct 2020 22:02:43 GMT
< Content-Length: 0
< 
< 

> POST /clientapi/editor/event HTTP/1.0
> Host: localhost
> Content-Type: application/x-www-form-urlencoded
> Content-Length: 478
> 
> {"selections":[{"end":67,"start":67,"encoding":"utf-32"}],"source":"vim","action":"selection","editor_version":"8.1.1-2269","plugin_version":"1.0.71","text":"#!/home/me/easyscore/easyscore/bin/python3\n# -*- coding: utf-8 -*-\nimport re\nimport sys\nfrom pylint import run_pylint\nif __name__ == '__main__':\n    sys.argv[0] = re.sub(r'(-script\\.pyw|\\.exe)?$', '', sys.argv[0])\n    sys.exit(run_pylint())\n","filename":"/home/rishabh/projects/easyscore/easyscore/bin/pylint"}
| Received complete response: 5.292ms
< HTTP/1.0 200 OK
< Date: Wed, 28 Oct 2020 22:02:44 GMT
< Content-Length: 0
< 
< 

> POST /clientapi/editor/event HTTP/1.0
> Host: localhost
> Content-Type: application/x-www-form-urlencoded
> Content-Length: 478
> 
> {"selections":[{"end":77,"start":77,"encoding":"utf-32"}],"source":"vim","action":"selection","editor_version":"8.1.1-2269","plugin_version":"1.0.71","text":"#!/home/me/easyscore/easyscore/bin/python3\n# -*- coding: utf-8 -*-\nimport re\nimport sys\nfrom pylint import run_pylint\nif __name__ == '__main__':\n    sys.argv[0] = re.sub(r'(-script\\.pyw|\\.exe)?$', '', sys.argv[0])\n    sys.exit(run_pylint())\n","filename":"/home/rishabh/projects/easyscore/easyscore/bin/pylint"}
| Received complete response: 5.304ms
< HTTP/1.0 200 OK
< Date: Wed, 28 Oct 2020 22:02:44 GMT
< Content-Length: 0
< 
< 

> POST /clientapi/editor/event HTTP/1.0
> Host: localhost
> Content-Type: application/x-www-form-urlencoded
> Content-Length: 478
> 
> {"selections":[{"end":88,"start":88,"encoding":"utf-32"}],"source":"vim","action":"selection","editor_version":"8.1.1-2269","plugin_version":"1.0.71","text":"#!/home/me/easyscore/easyscore/bin/python3\n# -*- coding: utf-8 -*-\nimport re\nimport sys\nfrom pylint import run_pylint\nif __name__ == '__main__':\n    sys.argv[0] = re.sub(r'(-script\\.pyw|\\.exe)?$', '', sys.argv[0])\n    sys.exit(run_pylint())\n","filename":"/home/rishabh/projects/easyscore/easyscore/bin/pylint"}
| Received complete response: 5.703ms
< HTTP/1.0 200 OK
< Date: Wed, 28 Oct 2020 22:02:44 GMT
< Content-Length: 0
< 
< 
